Using pre-set license
Built from '2020.3/staging' branch; Version is '2020.3.30f1 (1fb1bf06830e) revision 2077119'; Using compiler version '192528614'; Build Type 'Release'
OS: 'Windows 10  (10.0.19044) 64bit CoreSingleLanguage' Language: 'es' Physical Memory: 16085 MB
BatchMode: 1, IsHumanControllingUs: 0, StartBugReporterOnCrash: 0, Is64bit: 1, IsPro: 0

COMMAND LINE ARGUMENTS:
C:\Program Files\Unity\Hub\Editor\2020.3.30f1\Editor\Unity.exe
-adb2
-batchMode
-noUpm
-name
AssetImportWorker0
-projectPath
C:/Repos/Artillery/Artillery
-logFile
Logs/AssetImportWorker0.log
-srvPort
62365
Successfully changed project path to: C:/Repos/Artillery/Artillery
C:/Repos/Artillery/Artillery
Using Asset Import Pipeline V2.
Refreshing native plugins compatible for Editor in 25.69 ms, found 2 plugins.
Preloading 0 native plugins for Editor in 0.00 ms.
Initialize engine version: 2020.3.30f1 (1fb1bf06830e)
[Subsystems] Discovering subsystems at path C:/Program Files/Unity/Hub/Editor/2020.3.30f1/Editor/Data/Resources/UnitySubsystems
[Subsystems] Discovering subsystems at path C:/Repos/Artillery/Artillery/Assets
GfxDevice: creating device client; threaded=0
Direct3D:
    Version:  Direct3D 11.0 [level 11.1]
    Renderer: NVIDIA GeForce RTX 3050 Ti Laptop GPU (ID=0x25a0)
    Vendor:   
    VRAM:     3990 MB
    Driver:   30.0.15.1215
Initialize mono
Mono path[0] = 'C:/Program Files/Unity/Hub/Editor/2020.3.30f1/Editor/Data/Managed'
Mono path[1] = 'C:/Program Files/Unity/Hub/Editor/2020.3.30f1/Editor/Data/MonoBleedingEdge/lib/mono/unityjit'
Mono config path = 'C:/Program Files/Unity/Hub/Editor/2020.3.30f1/Editor/Data/MonoBleedingEdge/etc'
Using monoOptions --debugger-agent=transport=dt_socket,embedding=1,server=y,suspend=n,address=127.0.0.1:56200
Begin MonoManager ReloadAssembly
Registering precompiled unity dll's ...
Register platform support module: C:/Program Files/Unity/Hub/Editor/2020.3.30f1/Editor/Data/PlaybackEngines/WindowsStandaloneSupport/UnityEditor.WindowsStandalone.Extensions.dll
Registered in 0.001566 seconds.
Native extension for WindowsStandalone target not found
Refreshing native plugins compatible for Editor in 26.25 ms, found 2 plugins.
Preloading 0 native plugins for Editor in 0.00 ms.
Mono: successfully reloaded assembly
- Completed reload, in  0.491 seconds
Domain Reload Profiling:
	ReloadAssembly (491ms)
		BeginReloadAssembly (55ms)
			ExecutionOrderSort (0ms)
			DisableScriptedObjects (0ms)
			BackupInstance (0ms)
			ReleaseScriptingObjects (0ms)
			CreateAndSetChildDomain (1ms)
		EndReloadAssembly (376ms)
			LoadAssemblies (54ms)
			RebuildTransferFunctionScriptingTraits (0ms)
			SetupTypeCache (112ms)
			ReleaseScriptCaches (0ms)
			RebuildScriptCaches (32ms)
			SetupLoadedEditorAssemblies (144ms)
				LogAssemblyErrors (0ms)
				InitializePlatformSupportModulesInManaged (5ms)
				SetLoadedEditorAssemblies (0ms)
				RefreshPlugins (26ms)
				BeforeProcessingInitializeOnLoad (14ms)
				ProcessInitializeOnLoadAttributes (74ms)
				ProcessInitializeOnLoadMethodAttributes (24ms)
				AfterProcessingInitializeOnLoad (0ms)
				EditorAssembliesLoaded (0ms)
			ExecutionOrderSort2 (0ms)
			AwakeInstancesAfterBackupRestoration (0ms)
Platform modules already initialized, skipping
Registering precompiled user dll's ...
Registered in 0.002252 seconds.
Begin MonoManager ReloadAssembly
Native extension for WindowsStandalone target not found
Refreshing native plugins compatible for Editor in 0.30 ms, found 2 plugins.
Preloading 0 native plugins for Editor in 0.00 ms.
Mono: successfully reloaded assembly
- Completed reload, in  0.872 seconds
Domain Reload Profiling:
	ReloadAssembly (872ms)
		BeginReloadAssembly (125ms)
			ExecutionOrderSort (0ms)
			DisableScriptedObjects (4ms)
			BackupInstance (0ms)
			ReleaseScriptingObjects (0ms)
			CreateAndSetChildDomain (17ms)
		EndReloadAssembly (696ms)
			LoadAssemblies (73ms)
			RebuildTransferFunctionScriptingTraits (0ms)
			SetupTypeCache (231ms)
			ReleaseScriptCaches (0ms)
			RebuildScriptCaches (44ms)
			SetupLoadedEditorAssemblies (269ms)
				LogAssemblyErrors (0ms)
				InitializePlatformSupportModulesInManaged (4ms)
				SetLoadedEditorAssemblies (0ms)
				RefreshPlugins (0ms)
				BeforeProcessingInitializeOnLoad (71ms)
				ProcessInitializeOnLoadAttributes (181ms)
				ProcessInitializeOnLoadMethodAttributes (7ms)
				AfterProcessingInitializeOnLoad (5ms)
				EditorAssembliesLoaded (0ms)
			ExecutionOrderSort2 (0ms)
			AwakeInstancesAfterBackupRestoration (5ms)
Platform modules already initialized, skipping
========================================================================
Worker process is ready to serve import requests
Launched and connected shader compiler UnityShaderCompiler.exe after 0.05 seconds
Refreshing native plugins compatible for Editor in 0.37 ms, found 2 plugins.
Preloading 0 native plugins for Editor in 0.00 ms.
Unloading 1462 Unused Serialized files (Serialized files now loaded: 0)
System memory in use before: 66.6 MB.
System memory in use after: 66.7 MB.

Unloading 15 unused Assets to reduce memory usage. Loaded Objects now: 1896.
Total: 2.533600 ms (FindLiveObjects: 0.291300 ms CreateObjectMapping: 0.043100 ms MarkObjects: 2.138900 ms  DeleteObjects: 0.058200 ms)

AssetImportParameters requested are different than current active one (requested -> active):
  custom:framework-win-MediaFoundation: 216162199b28c13a410421893ffa2e32 -> 
  custom:video-decoder-ogg-theora: a1e56fd34408186e4bbccfd4996cb3dc -> 
  custom:container-muxer-webm: aa71ff27fc2769a1b78a27578f13a17b -> 
  custom:container-demuxer-webm: 4f35f7cbe854078d1ac9338744f61a02 -> 
  custom:container-demuxer-ogg: 62fdf1f143b41e24485cea50d1cbac27 -> 
  custom:video-encoder-webm-vp8: eb34c28f22e8b96e1ab97ce403110664 -> 
  custom:video-decoder-webm-vp8: 9c59270c3fd7afecdb556c50c9e8de78 -> 
  custom:audio-decoder-ogg-vorbis: bf7c407c2cedff20999df2af8eb42d56 -> 
  custom:audio-encoder-webm-vorbis: bf7c407c2cedff20999df2af8eb42d56 -> 
========================================================================
Received Import Request.
  path: Assets
  artifactKey: Guid(00000000000000001000000000000000) Importer(815301076,1909f56bfc062723c751e8b465ee728b)
Start importing Assets using Guid(00000000000000001000000000000000) Importer(815301076,1909f56bfc062723c751e8b465ee728b)  -> (artifact id: '42d402b061de3733987d63b9cc3b64de') in 0.004611 seconds 
========================================================================
Received Import Request.
  Time since last request: 8.570706 seconds.
  path: Assets/_,materials
  artifactKey: Guid(819952495d4d39b43a4b044b5a29e3db) Importer(815301076,1909f56bfc062723c751e8b465ee728b)
Start importing Assets/_,materials using Guid(819952495d4d39b43a4b044b5a29e3db) Importer(815301076,1909f56bfc062723c751e8b465ee728b)  -> (artifact id: '9b93e9bf72ce47f87e48521e0300f3d8') in 0.002915 seconds 
========================================================================
Received Import Request.
  Time since last request: 9.265042 seconds.
  path: Assets/_prefabs
  artifactKey: Guid(7f25385e7c0182041a445d91ad4bd42c) Importer(815301076,1909f56bfc062723c751e8b465ee728b)
Start importing Assets/_prefabs using Guid(7f25385e7c0182041a445d91ad4bd42c) Importer(815301076,1909f56bfc062723c751e8b465ee728b)  -> (artifact id: 'b941050477242bea440b2296acb22390') in 0.003087 seconds 
========================================================================
Received Prepare
Registering precompiled user dll's ...
Registered in 0.002086 seconds.
Begin MonoManager ReloadAssembly
Native extension for WindowsStandalone target not found
Refreshing native plugins compatible for Editor in 0.27 ms, found 2 plugins.
Preloading 0 native plugins for Editor in 0.00 ms.
Mono: successfully reloaded assembly
- Completed reload, in  0.690 seconds
Domain Reload Profiling:
	ReloadAssembly (691ms)
		BeginReloadAssembly (100ms)
			ExecutionOrderSort (0ms)
			DisableScriptedObjects (4ms)
			BackupInstance (0ms)
			ReleaseScriptingObjects (0ms)
			CreateAndSetChildDomain (28ms)
		EndReloadAssembly (530ms)
			LoadAssemblies (76ms)
			RebuildTransferFunctionScriptingTraits (0ms)
			SetupTypeCache (181ms)
			ReleaseScriptCaches (1ms)
			RebuildScriptCaches (30ms)
			SetupLoadedEditorAssemblies (197ms)
				LogAssemblyErrors (0ms)
				InitializePlatformSupportModulesInManaged (3ms)
				SetLoadedEditorAssemblies (0ms)
				RefreshPlugins (0ms)
				BeforeProcessingInitializeOnLoad (53ms)
				ProcessInitializeOnLoadAttributes (129ms)
				ProcessInitializeOnLoadMethodAttributes (6ms)
				AfterProcessingInitializeOnLoad (5ms)
				EditorAssembliesLoaded (0ms)
			ExecutionOrderSort2 (0ms)
			AwakeInstancesAfterBackupRestoration (5ms)
Platform modules already initialized, skipping
Refreshing native plugins compatible for Editor in 0.25 ms, found 2 plugins.
Preloading 0 native plugins for Editor in 0.00 ms.
Unloading 1456 Unused Serialized files (Serialized files now loaded: 0)
System memory in use before: 66.4 MB.
System memory in use after: 66.5 MB.

Unloading 11 unused Assets to reduce memory usage. Loaded Objects now: 1898.
Total: 1.836100 ms (FindLiveObjects: 0.083500 ms CreateObjectMapping: 0.024300 ms MarkObjects: 1.712200 ms  DeleteObjects: 0.015400 ms)

AssetImportParameters requested are different than current active one (requested -> active):
  custom:framework-win-MediaFoundation: 216162199b28c13a410421893ffa2e32 -> 
  custom:video-decoder-ogg-theora: a1e56fd34408186e4bbccfd4996cb3dc -> 
  custom:container-muxer-webm: aa71ff27fc2769a1b78a27578f13a17b -> 
  custom:container-demuxer-webm: 4f35f7cbe854078d1ac9338744f61a02 -> 
  custom:container-demuxer-ogg: 62fdf1f143b41e24485cea50d1cbac27 -> 
  custom:video-encoder-webm-vp8: eb34c28f22e8b96e1ab97ce403110664 -> 
  custom:video-decoder-webm-vp8: 9c59270c3fd7afecdb556c50c9e8de78 -> 
  custom:audio-decoder-ogg-vorbis: bf7c407c2cedff20999df2af8eb42d56 -> 
  custom:audio-encoder-webm-vorbis: bf7c407c2cedff20999df2af8eb42d56 -> 
========================================================================
Received Import Request.
  Time since last request: 4114.975034 seconds.
  path: Assets/_prefabs/CanonJugador.prefab
  artifactKey: Guid(5b561dc2628807e449ad0494cce42923) Importer(815301076,1909f56bfc062723c751e8b465ee728b)
Start importing Assets/_prefabs/CanonJugador.prefab using Guid(5b561dc2628807e449ad0494cce42923) Importer(815301076,1909f56bfc062723c751e8b465ee728b)  -> (artifact id: '4ad2e2e35de1e83ab29bfcef28f6e654') in 0.104720 seconds 
========================================================================
Received Import Request.
  Time since last request: 267.497727 seconds.
  path: Assets/Scenes/_level 1.unity
  artifactKey: Guid(9fc0d4010bbf28b4594072e72b8655ab) Importer(815301076,1909f56bfc062723c751e8b465ee728b)
Start importing Assets/Scenes/_level 1.unity using Guid(9fc0d4010bbf28b4594072e72b8655ab) Importer(815301076,1909f56bfc062723c751e8b465ee728b)  -> (artifact id: '33329a3b58eeaacece0a3def5eae324b') in 0.002530 seconds 
========================================================================
Received Import Request.
  Time since last request: 5.551466 seconds.
  path: Assets/_prefabs/CanonJugador.prefab
  artifactKey: Guid(5b561dc2628807e449ad0494cce42923) Importer(815301076,1909f56bfc062723c751e8b465ee728b)
Start importing Assets/_prefabs/CanonJugador.prefab using Guid(5b561dc2628807e449ad0494cce42923) Importer(815301076,1909f56bfc062723c751e8b465ee728b)  -> (artifact id: '5c9fad428ba52442aa5518bbecb14e25') in 0.027259 seconds 
========================================================================
Received Prepare
Registering precompiled user dll's ...
Registered in 0.001648 seconds.
Begin MonoManager ReloadAssembly
Native extension for WindowsStandalone target not found
Refreshing native plugins compatible for Editor in 0.30 ms, found 2 plugins.
Preloading 0 native plugins for Editor in 0.00 ms.
Mono: successfully reloaded assembly
- Completed reload, in  0.658 seconds
Domain Reload Profiling:
	ReloadAssembly (659ms)
		BeginReloadAssembly (87ms)
			ExecutionOrderSort (0ms)
			DisableScriptedObjects (3ms)
			BackupInstance (0ms)
			ReleaseScriptingObjects (0ms)
			CreateAndSetChildDomain (27ms)
		EndReloadAssembly (526ms)
			LoadAssemblies (66ms)
			RebuildTransferFunctionScriptingTraits (0ms)
			SetupTypeCache (183ms)
			ReleaseScriptCaches (1ms)
			RebuildScriptCaches (30ms)
			SetupLoadedEditorAssemblies (190ms)
				LogAssemblyErrors (0ms)
				InitializePlatformSupportModulesInManaged (3ms)
				SetLoadedEditorAssemblies (0ms)
				RefreshPlugins (0ms)
				BeforeProcessingInitializeOnLoad (52ms)
				ProcessInitializeOnLoadAttributes (124ms)
				ProcessInitializeOnLoadMethodAttributes (6ms)
				AfterProcessingInitializeOnLoad (5ms)
				EditorAssembliesLoaded (0ms)
			ExecutionOrderSort2 (0ms)
			AwakeInstancesAfterBackupRestoration (4ms)
Platform modules already initialized, skipping
Refreshing native plugins compatible for Editor in 0.24 ms, found 2 plugins.
Preloading 0 native plugins for Editor in 0.00 ms.
Unloading 1456 Unused Serialized files (Serialized files now loaded: 0)
System memory in use before: 69.6 MB.
System memory in use after: 69.7 MB.

Unloading 12 unused Assets to reduce memory usage. Loaded Objects now: 1910.
Total: 1.812100 ms (FindLiveObjects: 0.082800 ms CreateObjectMapping: 0.026900 ms MarkObjects: 1.683100 ms  DeleteObjects: 0.018700 ms)

AssetImportParameters requested are different than current active one (requested -> active):
  custom:framework-win-MediaFoundation: 216162199b28c13a410421893ffa2e32 -> 
  custom:video-decoder-ogg-theora: a1e56fd34408186e4bbccfd4996cb3dc -> 
  custom:container-muxer-webm: aa71ff27fc2769a1b78a27578f13a17b -> 
  custom:container-demuxer-webm: 4f35f7cbe854078d1ac9338744f61a02 -> 
  custom:container-demuxer-ogg: 62fdf1f143b41e24485cea50d1cbac27 -> 
  custom:video-encoder-webm-vp8: eb34c28f22e8b96e1ab97ce403110664 -> 
  custom:video-decoder-webm-vp8: 9c59270c3fd7afecdb556c50c9e8de78 -> 
  custom:audio-decoder-ogg-vorbis: bf7c407c2cedff20999df2af8eb42d56 -> 
  custom:audio-encoder-webm-vorbis: bf7c407c2cedff20999df2af8eb42d56 -> 
========================================================================
Received Import Request.
  Time since last request: 1555.654313 seconds.
  path: Assets/_prefabs/scene.gltf
  artifactKey: Guid(c68857cb37ed32847b71cd369aa2fb1b) Importer(815301076,1909f56bfc062723c751e8b465ee728b)
Start importing Assets/_prefabs/scene.gltf using Guid(c68857cb37ed32847b71cd369aa2fb1b) Importer(815301076,1909f56bfc062723c751e8b465ee728b)  -> (artifact id: '94ec08164bbc0c63b634b13c57ebce25') in 0.017892 seconds 
========================================================================
Received Import Request.
  Time since last request: 389.912626 seconds.
  path: Assets/_prefabs/scene.gltf
  artifactKey: Guid(c68857cb37ed32847b71cd369aa2fb1b) Importer(815301076,1909f56bfc062723c751e8b465ee728b)
Start importing Assets/_prefabs/scene.gltf using Guid(c68857cb37ed32847b71cd369aa2fb1b) Importer(815301076,1909f56bfc062723c751e8b465ee728b)  -> (artifact id: '241e82ad23f6e99be3b1c27b02f90e1a') in 0.002630 seconds 
========================================================================
Received Import Request.
  Time since last request: 149.386464 seconds.
  path: Assets/_prefabs/ad_billboard.FBX
  artifactKey: Guid(3116012f8affd494986879b68fde59b6) Importer(815301076,1909f56bfc062723c751e8b465ee728b)
Start importing Assets/_prefabs/ad_billboard.FBX using Guid(3116012f8affd494986879b68fde59b6) Importer(815301076,1909f56bfc062723c751e8b465ee728b)  -> (artifact id: '767156e8f167fb94311fbd4ffb8ead09') in 0.075963 seconds 
========================================================================
Received Import Request.
  Time since last request: 151.451149 seconds.
  path: Assets/_prefabs/billboard_texture.png
  artifactKey: Guid(341b722f8cd4cec4cbef65cf9cd815a9) Importer(815301076,1909f56bfc062723c751e8b465ee728b)
Start importing Assets/_prefabs/billboard_texture.png using Guid(341b722f8cd4cec4cbef65cf9cd815a9) Importer(815301076,1909f56bfc062723c751e8b465ee728b)  -> (artifact id: '2c8bbcd0f56136cf360c3d9a37ad64ff') in 0.019463 seconds 
========================================================================
Received Prepare
Registering precompiled user dll's ...
Registered in 0.002096 seconds.
Begin MonoManager ReloadAssembly
Native extension for WindowsStandalone target not found
Refreshing native plugins compatible for Editor in 0.27 ms, found 2 plugins.
Preloading 0 native plugins for Editor in 0.00 ms.
Mono: successfully reloaded assembly
- Completed reload, in  0.649 seconds
Domain Reload Profiling:
	ReloadAssembly (650ms)
		BeginReloadAssembly (88ms)
			ExecutionOrderSort (0ms)
			DisableScriptedObjects (3ms)
			BackupInstance (0ms)
			ReleaseScriptingObjects (0ms)
			CreateAndSetChildDomain (25ms)
		EndReloadAssembly (518ms)
			LoadAssemblies (66ms)
			RebuildTransferFunctionScriptingTraits (0ms)
			SetupTypeCache (167ms)
			ReleaseScriptCaches (1ms)
			RebuildScriptCaches (28ms)
			SetupLoadedEditorAssemblies (204ms)
				LogAssemblyErrors (0ms)
				InitializePlatformSupportModulesInManaged (3ms)
				SetLoadedEditorAssemblies (0ms)
				RefreshPlugins (0ms)
				BeforeProcessingInitializeOnLoad (55ms)
				ProcessInitializeOnLoadAttributes (133ms)
				ProcessInitializeOnLoadMethodAttributes (7ms)
				AfterProcessingInitializeOnLoad (5ms)
				EditorAssembliesLoaded (0ms)
			ExecutionOrderSort2 (0ms)
			AwakeInstancesAfterBackupRestoration (5ms)
Platform modules already initialized, skipping
Refreshing native plugins compatible for Editor in 0.50 ms, found 2 plugins.
Preloading 0 native plugins for Editor in 0.00 ms.
Unloading 1456 Unused Serialized files (Serialized files now loaded: 0)
System memory in use before: 70.0 MB.
System memory in use after: 70.1 MB.

Unloading 11 unused Assets to reduce memory usage. Loaded Objects now: 1950.
Total: 1.947400 ms (FindLiveObjects: 0.099000 ms CreateObjectMapping: 0.025900 ms MarkObjects: 1.801600 ms  DeleteObjects: 0.019600 ms)

AssetImportParameters requested are different than current active one (requested -> active):
  custom:framework-win-MediaFoundation: 216162199b28c13a410421893ffa2e32 -> 
  custom:video-decoder-ogg-theora: a1e56fd34408186e4bbccfd4996cb3dc -> 
  custom:container-muxer-webm: aa71ff27fc2769a1b78a27578f13a17b -> 
  custom:container-demuxer-webm: 4f35f7cbe854078d1ac9338744f61a02 -> 
  custom:container-demuxer-ogg: 62fdf1f143b41e24485cea50d1cbac27 -> 
  custom:video-encoder-webm-vp8: eb34c28f22e8b96e1ab97ce403110664 -> 
  custom:video-decoder-webm-vp8: 9c59270c3fd7afecdb556c50c9e8de78 -> 
  custom:audio-decoder-ogg-vorbis: bf7c407c2cedff20999df2af8eb42d56 -> 
  custom:audio-encoder-webm-vorbis: bf7c407c2cedff20999df2af8eb42d56 -> 
========================================================================
Received Import Request.
  Time since last request: 297.177976 seconds.
  path: Assets/_prefabs/goblin_pose_01.obj
  artifactKey: Guid(8b8a22cce22fc2d41a18d921e055fb11) Importer(815301076,1909f56bfc062723c751e8b465ee728b)
Start importing Assets/_prefabs/goblin_pose_01.obj using Guid(8b8a22cce22fc2d41a18d921e055fb11) Importer(815301076,1909f56bfc062723c751e8b465ee728b)  -> (artifact id: '2aa46287df23d1617cfd7a38bb5f9cc1') in 0.130734 seconds 
========================================================================
Received Import Request.
  Time since last request: 41.008193 seconds.
  path: Assets/_,materials/Goblin.tga.png
  artifactKey: Guid(27a8a9dee0262f3459e62d02535c2fe4) Importer(815301076,1909f56bfc062723c751e8b465ee728b)
Start importing Assets/_,materials/Goblin.tga.png using Guid(27a8a9dee0262f3459e62d02535c2fe4) Importer(815301076,1909f56bfc062723c751e8b465ee728b)  -> (artifact id: 'a9463782eb78b1cbf0256b50dfeeb6a6') in 0.013057 seconds 
========================================================================
Received Import Request.
  Time since last request: 126.156072 seconds.
  path: Assets/_prefabs/Goblin.tga.png
  artifactKey: Guid(8aee41f1a7dc26843b1289f7a0250e91) Importer(815301076,1909f56bfc062723c751e8b465ee728b)
Start importing Assets/_prefabs/Goblin.tga.png using Guid(8aee41f1a7dc26843b1289f7a0250e91) Importer(815301076,1909f56bfc062723c751e8b465ee728b)  -> (artifact id: '9a5d62e02da351276de2f058438ba72b') in 0.007626 seconds 
========================================================================
Received Prepare
Registering precompiled user dll's ...
Registered in 0.001936 seconds.
Begin MonoManager ReloadAssembly
Native extension for WindowsStandalone target not found
Refreshing native plugins compatible for Editor in 0.27 ms, found 2 plugins.
Preloading 0 native plugins for Editor in 0.00 ms.
Mono: successfully reloaded assembly
- Completed reload, in  0.610 seconds
Domain Reload Profiling:
	ReloadAssembly (611ms)
		BeginReloadAssembly (85ms)
			ExecutionOrderSort (0ms)
			DisableScriptedObjects (3ms)
			BackupInstance (0ms)
			ReleaseScriptingObjects (0ms)
			CreateAndSetChildDomain (25ms)
		EndReloadAssembly (481ms)
			LoadAssemblies (63ms)
			RebuildTransferFunctionScriptingTraits (0ms)
			SetupTypeCache (156ms)
			ReleaseScriptCaches (1ms)
			RebuildScriptCaches (28ms)
			SetupLoadedEditorAssemblies (184ms)
				LogAssemblyErrors (0ms)
				InitializePlatformSupportModulesInManaged (3ms)
				SetLoadedEditorAssemblies (0ms)
				RefreshPlugins (0ms)
				BeforeProcessingInitializeOnLoad (50ms)
				ProcessInitializeOnLoadAttributes (120ms)
				ProcessInitializeOnLoadMethodAttributes (6ms)
				AfterProcessingInitializeOnLoad (4ms)
				EditorAssembliesLoaded (0ms)
			ExecutionOrderSort2 (0ms)
			AwakeInstancesAfterBackupRestoration (4ms)
Platform modules already initialized, skipping
Refreshing native plugins compatible for Editor in 0.24 ms, found 2 plugins.
Preloading 0 native plugins for Editor in 0.00 ms.
Unloading 1456 Unused Serialized files (Serialized files now loaded: 0)
System memory in use before: 70.0 MB.
System memory in use after: 70.1 MB.

Unloading 11 unused Assets to reduce memory usage. Loaded Objects now: 1953.
Total: 1.989600 ms (FindLiveObjects: 0.087800 ms CreateObjectMapping: 0.025200 ms MarkObjects: 1.859100 ms  DeleteObjects: 0.016900 ms)

AssetImportParameters requested are different than current active one (requested -> active):
  custom:framework-win-MediaFoundation: 216162199b28c13a410421893ffa2e32 -> 
  custom:video-decoder-ogg-theora: a1e56fd34408186e4bbccfd4996cb3dc -> 
  custom:container-muxer-webm: aa71ff27fc2769a1b78a27578f13a17b -> 
  custom:container-demuxer-webm: 4f35f7cbe854078d1ac9338744f61a02 -> 
  custom:container-demuxer-ogg: 62fdf1f143b41e24485cea50d1cbac27 -> 
  custom:video-encoder-webm-vp8: eb34c28f22e8b96e1ab97ce403110664 -> 
  custom:video-decoder-webm-vp8: 9c59270c3fd7afecdb556c50c9e8de78 -> 
  custom:audio-decoder-ogg-vorbis: bf7c407c2cedff20999df2af8eb42d56 -> 
  custom:audio-encoder-webm-vorbis: bf7c407c2cedff20999df2af8eb42d56 -> 
========================================================================
Received Import Request.
  Time since last request: 262.710253 seconds.
  path: Assets/_prefabs/Goblin.obj
  artifactKey: Guid(8b8a22cce22fc2d41a18d921e055fb11) Importer(815301076,1909f56bfc062723c751e8b465ee728b)
Start importing Assets/_prefabs/Goblin.obj using Guid(8b8a22cce22fc2d41a18d921e055fb11) Importer(815301076,1909f56bfc062723c751e8b465ee728b)  -> (artifact id: '9038a9bee9486c78c4396b409b21e686') in 0.170222 seconds 
========================================================================
Received Import Request.
  Time since last request: 0.662728 seconds.
  path: Assets/_prefabs/billboard_texture.png
  artifactKey: Guid(341b722f8cd4cec4cbef65cf9cd815a9) Importer(815301076,1909f56bfc062723c751e8b465ee728b)
Start importing Assets/_prefabs/billboard_texture.png using Guid(341b722f8cd4cec4cbef65cf9cd815a9) Importer(815301076,1909f56bfc062723c751e8b465ee728b)  -> (artifact id: 'bb8086dd83999b95db375037879f5446') in 0.011045 seconds 
========================================================================
Received Import Request.
  Time since last request: 38.877568 seconds.
  path: Assets/_,materials/Material_Base.mat
  artifactKey: Guid(2e9914570e5e9514bb683d83d82fc631) Importer(815301076,1909f56bfc062723c751e8b465ee728b)
Start importing Assets/_,materials/Material_Base.mat using Guid(2e9914570e5e9514bb683d83d82fc631) Importer(815301076,1909f56bfc062723c751e8b465ee728b)  -> (artifact id: '57474b3212bd7871cc90ec142daabc30') in 0.012206 seconds 
========================================================================
Received Import Request.
  Time since last request: 0.000258 seconds.
  path: Assets/_,materials/Material_CuerpoCanon.mat
  artifactKey: Guid(792df8ee9ce618c469bddbbe793db868) Importer(815301076,1909f56bfc062723c751e8b465ee728b)
Start importing Assets/_,materials/Material_CuerpoCanon.mat using Guid(792df8ee9ce618c469bddbbe793db868) Importer(815301076,1909f56bfc062723c751e8b465ee728b)  -> (artifact id: '455196b6fa68cc438468e0e8d96b7324') in 0.006498 seconds 
========================================================================
Received Import Request.
  Time since last request: 14.532377 seconds.
  path: Assets/_,materials/billboard_texture.png
  artifactKey: Guid(341b722f8cd4cec4cbef65cf9cd815a9) Importer(815301076,1909f56bfc062723c751e8b465ee728b)
Start importing Assets/_,materials/billboard_texture.png using Guid(341b722f8cd4cec4cbef65cf9cd815a9) Importer(815301076,1909f56bfc062723c751e8b465ee728b)  -> (artifact id: '168e7f709b397ac770572269a0e905ae') in 0.022070 seconds 
========================================================================
Received Import Request.
  Time since last request: 17.803613 seconds.
  path: Assets/_,materials/billboard_texture.png
  artifactKey: Guid(341b722f8cd4cec4cbef65cf9cd815a9) Importer(815301076,1909f56bfc062723c751e8b465ee728b)
Start importing Assets/_,materials/billboard_texture.png using Guid(341b722f8cd4cec4cbef65cf9cd815a9) Importer(815301076,1909f56bfc062723c751e8b465ee728b)  -> (artifact id: '295ab407a2fdc9f95268c2377756a26d') in 0.011389 seconds 
========================================================================
Received Import Request.
  Time since last request: 24.890659 seconds.
  path: Assets/_prefabs/ad_billboard.FBX
  artifactKey: Guid(3116012f8affd494986879b68fde59b6) Importer(815301076,1909f56bfc062723c751e8b465ee728b)
Start importing Assets/_prefabs/ad_billboard.FBX using Guid(3116012f8affd494986879b68fde59b6) Importer(815301076,1909f56bfc062723c751e8b465ee728b)  -> (artifact id: 'ff4e134b4979717456eb722d763346a5') in 0.044885 seconds 
========================================================================
Received Import Request.
  Time since last request: 9.233324 seconds.
  path: Assets/_prefabs/Billboard.FBX
  artifactKey: Guid(3116012f8affd494986879b68fde59b6) Importer(815301076,1909f56bfc062723c751e8b465ee728b)
Start importing Assets/_prefabs/Billboard.FBX using Guid(3116012f8affd494986879b68fde59b6) Importer(815301076,1909f56bfc062723c751e8b465ee728b)  -> (artifact id: '0265906f3f4b4eb5bfe3b4ac95d1874b') in 0.045566 seconds 
========================================================================
Received Prepare
Registering precompiled user dll's ...
Registered in 0.001835 seconds.
Begin MonoManager ReloadAssembly
Native extension for WindowsStandalone target not found
Refreshing native plugins compatible for Editor in 0.27 ms, found 2 plugins.
Preloading 0 native plugins for Editor in 0.00 ms.
Mono: successfully reloaded assembly
- Completed reload, in  0.622 seconds
Domain Reload Profiling:
	ReloadAssembly (623ms)
		BeginReloadAssembly (79ms)
			ExecutionOrderSort (0ms)
			DisableScriptedObjects (3ms)
			BackupInstance (0ms)
			ReleaseScriptingObjects (0ms)
			CreateAndSetChildDomain (22ms)
		EndReloadAssembly (497ms)
			LoadAssemblies (61ms)
			RebuildTransferFunctionScriptingTraits (0ms)
			SetupTypeCache (164ms)
			ReleaseScriptCaches (1ms)
			RebuildScriptCaches (30ms)
			SetupLoadedEditorAssemblies (185ms)
				LogAssemblyErrors (0ms)
				InitializePlatformSupportModulesInManaged (3ms)
				SetLoadedEditorAssemblies (0ms)
				RefreshPlugins (0ms)
				BeforeProcessingInitializeOnLoad (53ms)
				ProcessInitializeOnLoadAttributes (117ms)
				ProcessInitializeOnLoadMethodAttributes (6ms)
				AfterProcessingInitializeOnLoad (4ms)
				EditorAssembliesLoaded (0ms)
			ExecutionOrderSort2 (0ms)
			AwakeInstancesAfterBackupRestoration (4ms)
Platform modules already initialized, skipping
Refreshing native plugins compatible for Editor in 0.26 ms, found 2 plugins.
Preloading 0 native plugins for Editor in 0.00 ms.
Unloading 1456 Unused Serialized files (Serialized files now loaded: 0)
System memory in use before: 70.1 MB.
System memory in use after: 70.3 MB.

Unloading 11 unused Assets to reduce memory usage. Loaded Objects now: 1957.
Total: 1.891100 ms (FindLiveObjects: 0.085400 ms CreateObjectMapping: 0.023900 ms MarkObjects: 1.766000 ms  DeleteObjects: 0.015300 ms)

AssetImportParameters requested are different than current active one (requested -> active):
  custom:framework-win-MediaFoundation: 216162199b28c13a410421893ffa2e32 -> 
  custom:video-decoder-ogg-theora: a1e56fd34408186e4bbccfd4996cb3dc -> 
  custom:container-muxer-webm: aa71ff27fc2769a1b78a27578f13a17b -> 
  custom:container-demuxer-webm: 4f35f7cbe854078d1ac9338744f61a02 -> 
  custom:container-demuxer-ogg: 62fdf1f143b41e24485cea50d1cbac27 -> 
  custom:video-encoder-webm-vp8: eb34c28f22e8b96e1ab97ce403110664 -> 
  custom:video-decoder-webm-vp8: 9c59270c3fd7afecdb556c50c9e8de78 -> 
  custom:audio-decoder-ogg-vorbis: bf7c407c2cedff20999df2af8eb42d56 -> 
  custom:audio-encoder-webm-vorbis: bf7c407c2cedff20999df2af8eb42d56 -> 
========================================================================
Received Import Request.
  Time since last request: 179.299878 seconds.
  path: Assets/Tree_Textures
  artifactKey: Guid(cf1903bcd444f4a4a969bf27d0ebc291) Importer(815301076,1909f56bfc062723c751e8b465ee728b)
Start importing Assets/Tree_Textures using Guid(cf1903bcd444f4a4a969bf27d0ebc291) Importer(815301076,1909f56bfc062723c751e8b465ee728b)  -> (artifact id: 'd7c6bf0eb1c4c22e3ba87ebc9a08afc3') in 0.004594 seconds 
========================================================================
Received Import Request.
  Time since last request: 1.865238 seconds.
  path: Assets/Tree.prefab
  artifactKey: Guid(d836b125a926d5a42a65288e10d5e8b5) Importer(815301076,1909f56bfc062723c751e8b465ee728b)
Start importing Assets/Tree.prefab using Guid(d836b125a926d5a42a65288e10d5e8b5) Importer(815301076,1909f56bfc062723c751e8b465ee728b)  -> (artifact id: '35543a322e4d024f4184d52c99faa291') in 0.158679 seconds 
========================================================================
Received Import Request.
  Time since last request: 19.544835 seconds.
  path: Assets/_materials
  artifactKey: Guid(819952495d4d39b43a4b044b5a29e3db) Importer(815301076,1909f56bfc062723c751e8b465ee728b)
Start importing Assets/_materials using Guid(819952495d4d39b43a4b044b5a29e3db) Importer(815301076,1909f56bfc062723c751e8b465ee728b)  -> (artifact id: 'b0619927934ab739a7375ebfd5a4cd56') in 0.002183 seconds 
========================================================================
Received Import Request.
  Time since last request: 19.318136 seconds.
  path: Assets/_scripts
  artifactKey: Guid(1470e8d0ad00e72409c203092db9128a) Importer(815301076,1909f56bfc062723c751e8b465ee728b)
Start importing Assets/_scripts using Guid(1470e8d0ad00e72409c203092db9128a) Importer(815301076,1909f56bfc062723c751e8b465ee728b)  -> (artifact id: '648a124be9634d03a6e2fcc02bed6cae') in 0.006392 seconds 
========================================================================
Received Import Request.
  Time since last request: 153.570732 seconds.
  path: Assets/_prefabs/rusty.rar.rar
  artifactKey: Guid(cb46ec87d5089d84ea34890762088b54) Importer(815301076,1909f56bfc062723c751e8b465ee728b)
Start importing Assets/_prefabs/rusty.rar.rar using Guid(cb46ec87d5089d84ea34890762088b54) Importer(815301076,1909f56bfc062723c751e8b465ee728b)  -> (artifact id: 'a4ace1e414ff9b9d7a4f86e088046add') in 0.006527 seconds 
========================================================================
Received Import Request.
  Time since last request: 30.011956 seconds.
  path: Assets/_prefabs/rusty.rar
  artifactKey: Guid(bd1be25cccd55fa41b3b3fd6504be2f7) Importer(815301076,1909f56bfc062723c751e8b465ee728b)
Start importing Assets/_prefabs/rusty.rar using Guid(bd1be25cccd55fa41b3b3fd6504be2f7) Importer(815301076,1909f56bfc062723c751e8b465ee728b)  -> (artifact id: '0f724cf81302119a3c17da412d923838') in 0.003175 seconds 
========================================================================
Received Import Request.
  Time since last request: 14.346251 seconds.
  path: Assets/_prefabs/oldcar.FBX
  artifactKey: Guid(f9646dbe2f78bfd42a6efef470d7e213) Importer(815301076,1909f56bfc062723c751e8b465ee728b)
Start importing Assets/_prefabs/oldcar.FBX using Guid(f9646dbe2f78bfd42a6efef470d7e213) Importer(815301076,1909f56bfc062723c751e8b465ee728b)  -> (artifact id: 'cc52991f0c04a8c09e49f0915c64e123') in 0.186472 seconds 
========================================================================
Received Import Request.
  Time since last request: 20.868656 seconds.
  path: Assets/_prefabs/billboard_texture.png
  artifactKey: Guid(0f683832d42a3a940b63a6ed9e37265e) Importer(815301076,1909f56bfc062723c751e8b465ee728b)
Start importing Assets/_prefabs/billboard_texture.png using Guid(0f683832d42a3a940b63a6ed9e37265e) Importer(815301076,1909f56bfc062723c751e8b465ee728b)  -> (artifact id: '1365c791e44fe5edb48e8c6d7b17281c') in 0.014377 seconds 
AssetImportWorkerClient::OnTransportError - code=2 error=End of file
